Using pre-set license
Built from '2020.3/staging' branch; Version is '2020.3.8f1 (507919d4fff5) revision 5273881'; Using compiler version '192528614'; Build Type 'Release'
OS: 'Windows 10 Home; OS build 19043.1052; Version 2009; 64bit' Language: 'en' Physical Memory: 16304 MB
BatchMode: 1, IsHumanControllingUs: 0, StartBugReporterOnCrash: 0, Is64bit: 1, IsPro: 0

 COMMAND LINE ARGUMENTS:
C:\Program Files\Unity\Hub\Editor\2020.3.8f1\Editor\Unity.exe
-adb2
-batchMode
-noUpm
-name
AssetImportWorker0
-projectPath
F:/Unity Projects/The Great Fleece
-logFile
Logs/AssetImportWorker0.log
-srvPort
64716
Successfully changed project path to: F:/Unity Projects/The Great Fleece
F:/Unity Projects/The Great Fleece
Using Asset Import Pipeline V2.
Refreshing native plugins compatible for Editor in 40.17 ms, found 0 plugins.
Preloading 0 native plugins for Editor in 0.00 ms.
Initialize engine version: 2020.3.8f1 (507919d4fff5)
[Subsystems] Discovering subsystems at path C:/Program Files/Unity/Hub/Editor/2020.3.8f1/Editor/Data/Resources/UnitySubsystems
[Subsystems] Discovering subsystems at path F:/Unity Projects/The Great Fleece/Assets
GfxDevice: creating device client; threaded=0
Direct3D:
    Version:  Direct3D 11.0 [level 11.1]
    Renderer: NVIDIA GeForce GTX 1080 Ti (ID=0x1b06)
    Vendor:   
    VRAM:     11127 MB
    Driver:   27.21.14.6677
Initialize mono
Mono path[0] = 'C:/Program Files/Unity/Hub/Editor/2020.3.8f1/Editor/Data/Managed'
Mono path[1] = 'C:/Program Files/Unity/Hub/Editor/2020.3.8f1/Editor/Data/MonoBleedingEdge/lib/mono/unityjit'
Mono config path = 'C:/Program Files/Unity/Hub/Editor/2020.3.8f1/Editor/Data/MonoBleedingEdge/etc'
Using monoOptions --debugger-agent=transport=dt_socket,embedding=1,server=y,suspend=n,address=127.0.0.1:56564
Begin MonoManager ReloadAssembly
Registering precompiled unity dll's ...
Register platform support module: C:/Program Files/Unity/Hub/Editor/2020.3.8f1/Editor/Data/PlaybackEngines/WindowsStandaloneSupport/UnityEditor.WindowsStandalone.Extensions.dll
Registered in 0.002086 seconds.
Native extension for WindowsStandalone target not found
Refreshing native plugins compatible for Editor in 40.59 ms, found 0 plugins.
Preloading 0 native plugins for Editor in 0.00 ms.
Mono: successfully reloaded assembly
- Completed reload, in  1.168 seconds
Platform modules already initialized, skipping
Registering precompiled user dll's ...
Registered in 0.001221 seconds.
Begin MonoManager ReloadAssembly
Native extension for WindowsStandalone target not found
Refreshing native plugins compatible for Editor in 0.38 ms, found 0 plugins.
Preloading 0 native plugins for Editor in 0.00 ms.
Mono: successfully reloaded assembly
- Completed reload, in  0.876 seconds
Platform modules already initialized, skipping
========================================================================
Worker process is ready to serve import requests
Launched and connected shader compiler UnityShaderCompiler.exe after 0.04 seconds
Refreshing native plugins compatible for Editor in 0.94 ms, found 0 plugins.
Preloading 0 native plugins for Editor in 0.00 ms.
Unloading 1393 Unused Serialized files (Serialized files now loaded: 0)
System memory in use before: 79.3 MB.
System memory in use after: 79.0 MB.

Unloading 15 unused Assets to reduce memory usage. Loaded Objects now: 1845.
Total: 3.224500 ms (FindLiveObjects: 0.218900 ms CreateObjectMapping: 0.040600 ms MarkObjects: 2.427600 ms  DeleteObjects: 0.535500 ms)

========================================================================
Received Import Request.
  path: Assets/GameDevHQ/FileBase/Projects/Tutorials/Starter_Files/Stealth_Game_Assets/The Great Fleece/Director Notes/End Level.pdf
  artifactKey: Guid(4941b8b6b0763954fa376944c9fb412f) Importer(815301076,1909f56bfc062723c751e8b465ee728b)
Start importing Assets/GameDevHQ/FileBase/Projects/Tutorials/Starter_Files/Stealth_Game_Assets/The Great Fleece/Director Notes/End Level.pdf using Guid(4941b8b6b0763954fa376944c9fb412f) Importer(815301076,1909f56bfc062723c751e8b465ee728b)  -> (artifact id: '28fe3411cf113f3e7aa4e4f47f2453da') in 0.043410 seconds
  Import took 0.046286 seconds .

========================================================================
Received Import Request.
  Time since last request: 271.287723 seconds.
  path: Assets/GameDevHQ/FileBase/Projects/Tutorials/Starter_Files/Stealth_Game_Assets/The Great Fleece/Game/Prefabs
  artifactKey: Guid(a3f2d903309c34b7c99957b195029693) Importer(815301076,1909f56bfc062723c751e8b465ee728b)
Start importing Assets/GameDevHQ/FileBase/Projects/Tutorials/Starter_Files/Stealth_Game_Assets/The Great Fleece/Game/Prefabs using Guid(a3f2d903309c34b7c99957b195029693) Importer(815301076,1909f56bfc062723c751e8b465ee728b)  -> (artifact id: '39f0bb848bd15b306685984ff20abc94') in 0.006759 seconds
  Import took 0.009172 seconds .

========================================================================
Received Prepare
Registering precompiled user dll's ...
Registered in 0.001260 seconds.
Begin MonoManager ReloadAssembly
Native extension for WindowsStandalone target not found
Refreshing native plugins compatible for Editor in 0.38 ms, found 0 plugins.
Preloading 0 native plugins for Editor in 0.00 ms.
Mono: successfully reloaded assembly
- Completed reload, in  0.851 seconds
Platform modules already initialized, skipping
Refreshing native plugins compatible for Editor in 0.38 ms, found 0 plugins.
Preloading 0 native plugins for Editor in 0.00 ms.
Unloading 1352 Unused Serialized files (Serialized files now loaded: 0)
System memory in use before: 75.8 MB.
System memory in use after: 75.5 MB.

Unloading 10 unused Assets to reduce memory usage. Loaded Objects now: 1848.
Total: 1.934500 ms (FindLiveObjects: 0.144700 ms CreateObjectMapping: 0.031300 ms MarkObjects: 1.420700 ms  DeleteObjects: 0.336400 ms)

========================================================================
Received Import Request.
  Time since last request: 2086.354593 seconds.
  path: Assets/GameDevHQ/FileBase/Projects/Tutorials/Starter_Files/Stealth_Game_Assets/The Great Fleece/Game/Models/Dont_Touch/Cutscenes_FBX/Captured_FBX/Captured.controller
  artifactKey: Guid(52a55a2bdbd75484a999d7e10cb588f0) Importer(815301076,1909f56bfc062723c751e8b465ee728b)
Start importing Assets/GameDevHQ/FileBase/Projects/Tutorials/Starter_Files/Stealth_Game_Assets/The Great Fleece/Game/Models/Dont_Touch/Cutscenes_FBX/Captured_FBX/Captured.controller using Guid(52a55a2bdbd75484a999d7e10cb588f0) Importer(815301076,1909f56bfc062723c751e8b465ee728b)  -> (artifact id: 'bcafeb8476faba46858047a32752c997') in 0.090545 seconds
  Import took 0.093596 seconds .

========================================================================
Received Import Request.
  Time since last request: 2362.990626 seconds.
  path: Assets/GameDevHQ/FileBase/Projects/Tutorials/Starter_Files/Stealth_Game_Assets/The Great Fleece/Game/_Scenes/Learning/Environment_Finished.unity
  artifactKey: Guid(1ad4bfcf140b14db09ba5ba5f1b0c7b9) Importer(815301076,1909f56bfc062723c751e8b465ee728b)
Start importing Assets/GameDevHQ/FileBase/Projects/Tutorials/Starter_Files/Stealth_Game_Assets/The Great Fleece/Game/_Scenes/Learning/Environment_Finished.unity using Guid(1ad4bfcf140b14db09ba5ba5f1b0c7b9) Importer(815301076,1909f56bfc062723c751e8b465ee728b)  -> (artifact id: '32f1d7b2a508ca6a80c51763c4d9abb9') in 0.008230 seconds
  Import took 0.013113 seconds .

========================================================================
Received Import Request.
  Time since last request: 2533.925925 seconds.
  path: Assets/Timelines
  artifactKey: Guid(a659d03741b6c3941b5aa2adc763239b) Importer(815301076,1909f56bfc062723c751e8b465ee728b)
Start importing Assets/Timelines using Guid(a659d03741b6c3941b5aa2adc763239b) Importer(815301076,1909f56bfc062723c751e8b465ee728b)  -> (artifact id: 'bbe6f7a8ccdfef86dfbf659145031368') in 0.007134 seconds
  Import took 0.025186 seconds .

========================================================================
Received Import Request.
  Time since last request: 3.318141 seconds.
  path: Assets/Timelines/Game_Over_Timeline.playable
  artifactKey: Guid(c7ad71d5978f83a47a42c3902847c1b2) Importer(815301076,1909f56bfc062723c751e8b465ee728b)
Start importing Assets/Timelines/Game_Over_Timeline.playable using Guid(c7ad71d5978f83a47a42c3902847c1b2) Importer(815301076,1909f56bfc062723c751e8b465ee728b)  -> (artifact id: '2b5d091ba562006479e2985418934241') in 0.109528 seconds
  Import took 0.112924 seconds .

AssetImportWorkerClient::OnTransportError - code=2 error=End of file
